{"level":"info","message":"Server is running on port 3000","timestamp":"2025-04-17T12:49:34.126Z"}
{"level":"info","message":"Server is running on port 3000","timestamp":"2025-04-17T12:49:55.517Z"}
{"level":"info","message":"Server is running on port 3000","timestamp":"2025-04-17T12:50:16.206Z"}
{"level":"info","message":"Server is running on port 3000","timestamp":"2025-04-17T12:53:02.437Z"}
{"level":"info","message":"Server is running on port 3000","timestamp":"2025-04-17T12:53:15.908Z"}
{"level":"info","message":"Server is running on port 3000","timestamp":"2025-04-17T12:53:31.429Z"}
{"level":"info","message":"Server is running on port 3000","timestamp":"2025-04-17T12:53:59.845Z"}
{"level":"info","message":"Server is running on port 3000","timestamp":"2025-04-17T12:54:56.616Z"}
{"level":"info","message":"Server is running on port 3000","timestamp":"2025-04-17T12:56:15.822Z"}
{"level":"info","message":"Server is running on port 3000","timestamp":"2025-04-17T12:58:06.660Z"}
{"level":"info","message":"Server is running on port 3001","timestamp":"2025-04-22T06:48:43.751Z"}
{"level":"info","message":"Server is running on port 3001","timestamp":"2025-04-22T06:52:12.483Z"}
{"level":"info","message":"Server is running on port 3001","timestamp":"2025-04-22T06:53:16.314Z"}
{"level":"info","message":"Server is running on port 3001","timestamp":"2025-04-22T06:53:20.913Z"}
{"level":"info","message":"Server is running on port 3001","timestamp":"2025-04-22T06:53:26.928Z"}
{"level":"info","message":"Server is running on port 3001","timestamp":"2025-04-22T06:54:40.383Z"}
{"level":"info","message":"Server is running on port 3001","timestamp":"2025-04-22T06:54:51.740Z"}
{"level":"info","message":"Server is running on port 3001","timestamp":"2025-04-22T06:55:46.226Z"}
{"level":"info","message":"Server is running on port 3001","timestamp":"2025-04-22T07:08:40.334Z"}
{"level":"info","message":"Server is running on port 3001","timestamp":"2025-04-22T07:08:45.217Z"}
{"level":"info","message":"Server is running on port 3001","timestamp":"2025-04-22T07:19:01.699Z"}
{"level":"info","message":"Server is running on port 3001","timestamp":"2025-04-22T07:21:02.880Z"}
{"level":"info","message":"Server is running on port 3001","timestamp":"2025-04-22T07:24:02.849Z"}
{"level":"info","message":"Server is running on port 3001","timestamp":"2025-04-22T07:24:09.751Z"}
{"level":"info","message":"Server is running on port 3001","timestamp":"2025-04-22T07:25:20.739Z"}
{"level":"info","message":"Server is running on port 3001","timestamp":"2025-04-22T07:25:22.999Z"}
{"level":"info","message":"Server is running on port 3001","timestamp":"2025-04-22T07:25:54.796Z"}
{"level":"info","message":"Server is running on port 3000","timestamp":"2025-04-22T07:26:30.240Z"}
{"level":"info","message":"Server is running on port 3000","timestamp":"2025-04-22T07:26:45.749Z"}
{"level":"info","message":"Server is running on port 3000","timestamp":"2025-04-22T07:28:55.718Z"}
{"level":"info","message":"Server is running on port 3000","timestamp":"2025-04-22T07:29:05.018Z"}
{"level":"info","message":"Server is running on port 3000","timestamp":"2025-04-22T07:29:20.578Z"}
{"level":"info","message":"Server is running on port 3000","timestamp":"2025-04-22T07:29:29.149Z"}
{"level":"info","message":"Server is running on port 3000","timestamp":"2025-04-22T07:29:45.932Z"}
{"level":"info","message":"Server is running on port 3000","timestamp":"2025-04-22T07:45:30.661Z"}
{"level":"info","message":"Server is running on port 3000","timestamp":"2025-04-22T08:49:19.896Z"}
{"level":"info","message":"Server is running on port 3000","timestamp":"2025-04-22T08:51:18.953Z"}
{"level":"info","message":"Server is running on port 3000","timestamp":"2025-04-22T08:54:28.600Z"}
{"level":"info","message":"Server is running on port 3000","timestamp":"2025-04-22T08:55:54.498Z"}
{"level":"info","message":"Server is running on port 3000","timestamp":"2025-04-22T10:28:22.427Z"}
{"level":"info","message":"Server is running on port 3000","timestamp":"2025-04-22T11:25:56.778Z"}
{"level":"info","message":"Server is running on port 3000","timestamp":"2025-04-22T11:28:38.288Z"}
{"level":"info","message":"Server is running on port 3000","timestamp":"2025-04-22T11:28:43.800Z"}
{"level":"info","message":"Server is running on port 3000","timestamp":"2025-04-22T11:30:41.590Z"}
{"level":"info","message":"Server is running on port 3000","timestamp":"2025-04-22T11:31:03.267Z"}
{"level":"info","message":"Server is running on port 3000","timestamp":"2025-04-22T11:31:39.064Z"}
{"level":"info","message":"Server is running on port 3000","timestamp":"2025-04-22T11:41:53.181Z"}
{"level":"info","message":"Server is running on port 3000","timestamp":"2025-04-22T11:42:07.836Z"}
{"level":"info","message":"Server is running on port 3000","timestamp":"2025-04-22T11:53:40.492Z"}
{"level":"info","message":"Server is running on port 3000","timestamp":"2025-04-22T11:53:43.798Z"}
{"level":"info","message":"Server is running on port 3000","timestamp":"2025-04-22T11:53:53.850Z"}
{"level":"info","message":"Server is running on port 3000","timestamp":"2025-04-22T11:53:59.624Z"}
{"level":"info","message":"Server is running on port 3000","timestamp":"2025-04-22T11:54:02.079Z"}
{"level":"info","message":"Server is running on port 3000","timestamp":"2025-04-22T11:54:04.106Z"}
{"level":"info","message":"Server is running on port 3000","timestamp":"2025-04-22T11:54:09.061Z"}
{"level":"info","message":"Server is running on port 3000","timestamp":"2025-04-22T11:54:23.215Z"}
{"level":"info","message":"Server is running on port 3000","timestamp":"2025-04-22T11:54:32.995Z"}
{"level":"info","message":"Server is running on port 3000","timestamp":"2025-04-22T11:54:44.709Z"}
{"level":"info","message":"Server is running on port 3000","timestamp":"2025-04-22T11:54:48.584Z"}
{"level":"info","message":"Server is running on port 3000","timestamp":"2025-04-22T11:57:11.471Z"}
{"level":"info","message":"Server is running on port 3000","timestamp":"2025-04-22T12:01:58.305Z"}
{"level":"info","message":"Server is running on port 3000","timestamp":"2025-04-22T12:07:02.858Z"}
{"level":"info","message":"Server is running on port 3000","timestamp":"2025-04-22T12:09:14.416Z"}
{"level":"info","message":"Server is running on port 3000","timestamp":"2025-04-22T12:13:08.621Z"}
{"level":"info","message":"Server is running on port 3000","timestamp":"2025-04-22T12:15:05.687Z"}
{"level":"info","message":"Server is running on port 3000","timestamp":"2025-04-22T12:15:52.364Z"}
{"level":"info","message":"Server is running on port 3000","timestamp":"2025-04-22T12:22:13.287Z"}
{"level":"error","message":"Database connection test failed: Cannot read properties of undefined (reading 'query')","stack":"TypeError: Cannot read properties of undefined (reading 'query')\n    at C:\\xampp\\htdocs\\schrauber_verwaltung\\backend\\src\\app.js:91:40\n    at Layer.handle [as handle_request] (C:\\xampp\\htdocs\\schrauber_verwaltung\\node_modules\\express\\lib\\router\\layer.js:95:5)\n    at next (C:\\xampp\\htdocs\\schrauber_verwaltung\\node_modules\\express\\lib\\router\\route.js:149:13)\n    at Route.dispatch (C:\\xampp\\htdocs\\schrauber_verwaltung\\node_modules\\express\\lib\\router\\route.js:119:3)\n    at Layer.handle [as handle_request] (C:\\xampp\\htdocs\\schrauber_verwaltung\\node_modules\\express\\lib\\router\\layer.js:95:5)\n    at C:\\xampp\\htdocs\\schrauber_verwaltung\\node_modules\\express\\lib\\router\\index.js:284:15\n    at Function.process_params (C:\\xampp\\htdocs\\schrauber_verwaltung\\node_modules\\express\\lib\\router\\index.js:346:12)\n    at next (C:\\xampp\\htdocs\\schrauber_verwaltung\\node_modules\\express\\lib\\router\\index.js:280:10)\n    at session (C:\\xampp\\htdocs\\schrauber_verwaltung\\node_modules\\express-session\\index.js:487:7)\n    at Layer.handle [as handle_request] (C:\\xampp\\htdocs\\schrauber_verwaltung\\node_modules\\express\\lib\\router\\layer.js:95:5)","timestamp":"2025-04-22T12:22:17.326Z"}
{"level":"error","message":"Database connection test failed: Cannot read properties of undefined (reading 'query')","stack":"TypeError: Cannot read properties of undefined (reading 'query')\n    at C:\\xampp\\htdocs\\schrauber_verwaltung\\backend\\src\\app.js:91:40\n    at Layer.handle [as handle_request] (C:\\xampp\\htdocs\\schrauber_verwaltung\\node_modules\\express\\lib\\router\\layer.js:95:5)\n    at next (C:\\xampp\\htdocs\\schrauber_verwaltung\\node_modules\\express\\lib\\router\\route.js:149:13)\n    at Route.dispatch (C:\\xampp\\htdocs\\schrauber_verwaltung\\node_modules\\express\\lib\\router\\route.js:119:3)\n    at Layer.handle [as handle_request] (C:\\xampp\\htdocs\\schrauber_verwaltung\\node_modules\\express\\lib\\router\\layer.js:95:5)\n    at C:\\xampp\\htdocs\\schrauber_verwaltung\\node_modules\\express\\lib\\router\\index.js:284:15\n    at Function.process_params (C:\\xampp\\htdocs\\schrauber_verwaltung\\node_modules\\express\\lib\\router\\index.js:346:12)\n    at next (C:\\xampp\\htdocs\\schrauber_verwaltung\\node_modules\\express\\lib\\router\\index.js:280:10)\n    at session (C:\\xampp\\htdocs\\schrauber_verwaltung\\node_modules\\express-session\\index.js:487:7)\n    at Layer.handle [as handle_request] (C:\\xampp\\htdocs\\schrauber_verwaltung\\node_modules\\express\\lib\\router\\layer.js:95:5)","timestamp":"2025-04-22T12:22:43.117Z"}
{"level":"info","message":"Server is running on port 3000","timestamp":"2025-04-22T12:23:52.437Z"}
{"level":"info","message":"Server is running on port 3000","timestamp":"2025-04-22T12:25:09.400Z"}
{"level":"info","message":"Server is running on port 3000","timestamp":"2025-04-22T12:27:02.805Z"}
{"level":"info","message":"Server is running on port 3000","timestamp":"2025-04-22T12:28:13.472Z"}
{"level":"info","message":"Server is running on port 3000","timestamp":"2025-04-22T12:41:39.918Z"}
{"level":"info","message":"Server is running on port 3000","timestamp":"2025-04-22T12:42:23.278Z"}
{"level":"info","message":"Server is running on port 3000","timestamp":"2025-04-22T12:42:34.491Z"}
{"level":"info","message":"Server is running on port 3000","timestamp":"2025-04-22T12:43:14.286Z"}
{"level":"info","message":"Server is running on port 3000","timestamp":"2025-04-22T12:44:11.306Z"}
{"level":"info","message":"Server is running on port 3000","timestamp":"2025-04-22T12:44:45.466Z"}
{"level":"info","message":"Server is running on port 3000","timestamp":"2025-04-22T12:45:44.846Z"}
{"level":"info","message":"Server is running on port 3000","timestamp":"2025-04-22T12:48:23.893Z"}
{"level":"info","message":"Server is running on port 3000","timestamp":"2025-04-23T06:06:26.388Z"}
{"level":"info","message":"Server is running on port 3000","timestamp":"2025-04-23T06:06:32.469Z"}
{"level":"info","message":"Server is running on port 3000","timestamp":"2025-04-23T06:06:41.233Z"}
{"level":"info","message":"Server is running on port 3000","timestamp":"2025-04-23T06:06:50.232Z"}
{"level":"info","message":"Server is running on port 3000","timestamp":"2025-04-23T06:08:34.656Z"}
{"level":"info","message":"Server is running on port 3000","timestamp":"2025-04-23T06:08:39.914Z"}
{"level":"info","message":"Server is running on port 3000","timestamp":"2025-04-23T06:08:44.327Z"}
{"level":"info","message":"Server is running on port 3000","timestamp":"2025-04-23T06:09:20.148Z"}
{"level":"info","message":"Server is running on port 3000","timestamp":"2025-04-23T06:12:18.164Z"}
{"level":"info","message":"Database connection test initiated...","timestamp":"2025-04-23T06:12:18.167Z"}
{"level":"info","message":"Database connection established successfully","timestamp":"2025-04-23T06:12:18.215Z"}
{"level":"info","message":"Server is running on port 3000","timestamp":"2025-04-23T06:12:21.429Z"}
{"level":"info","message":"Database connection test initiated...","timestamp":"2025-04-23T06:12:21.432Z"}
{"level":"info","message":"Database connection established successfully","timestamp":"2025-04-23T06:12:21.479Z"}
{"level":"info","message":"Incoming GET request to /api/attributes/","timestamp":"2025-04-23T06:12:37.511Z"}
{"level":"info","message":"Server is running on port 3000","timestamp":"2025-04-23T06:13:59.831Z"}
{"level":"info","message":"Database connection test initiated...","timestamp":"2025-04-23T06:13:59.834Z"}
{"level":"info","message":"Database connection established successfully","timestamp":"2025-04-23T06:13:59.880Z"}
{"level":"info","message":"Server is running on port 3000","timestamp":"2025-04-23T06:14:01.382Z"}
{"level":"info","message":"Database connection test initiated...","timestamp":"2025-04-23T06:14:01.388Z"}
{"level":"info","message":"Database connection established successfully","timestamp":"2025-04-23T06:14:01.458Z"}
{"level":"info","message":"Server is running on port 3000","timestamp":"2025-04-23T06:14:03.096Z"}
{"level":"info","message":"Database connection test initiated...","timestamp":"2025-04-23T06:14:03.099Z"}
{"level":"info","message":"Database connection established successfully","timestamp":"2025-04-23T06:14:03.145Z"}
{"level":"info","message":"Server is running on port 3000","timestamp":"2025-04-23T06:14:10.545Z"}
{"level":"info","message":"Database connection test initiated...","timestamp":"2025-04-23T06:14:10.548Z"}
{"level":"info","message":"Database connection established successfully","timestamp":"2025-04-23T06:14:10.601Z"}
{"level":"info","message":"Incoming GET request to /api/attributes","timestamp":"2025-04-23T06:14:17.569Z"}
{"level":"info","message":"Server is running on port 3000","timestamp":"2025-04-23T06:14:48.246Z"}
{"level":"info","message":"Database connection test initiated...","timestamp":"2025-04-23T06:14:48.249Z"}
{"level":"info","message":"Database connection established successfully","timestamp":"2025-04-23T06:14:48.295Z"}
{"level":"info","message":"Server is running on port 3000","timestamp":"2025-04-23T06:14:52.015Z"}
{"level":"info","message":"Database connection test initiated...","timestamp":"2025-04-23T06:14:52.018Z"}
{"level":"info","message":"Database connection established successfully","timestamp":"2025-04-23T06:14:52.060Z"}
{"level":"info","message":"Incoming GET request to /api/attributes","timestamp":"2025-04-23T06:14:56.145Z"}
{"level":"info","message":"Incoming GET request to /api/attributes-values","timestamp":"2025-04-23T06:15:14.010Z"}
{"level":"warn","message":"Route not found: GET /api/attributes-values","timestamp":"2025-04-23T06:15:14.012Z"}
{"level":"info","message":"Incoming GET request to /api/screwdrivers","timestamp":"2025-04-23T06:15:47.139Z"}
{"level":"info","message":"Incoming GET request to /api/attributes-values/screwdriver/13/values","timestamp":"2025-04-23T06:16:17.539Z"}
{"level":"warn","message":"Route not found: GET /api/attributes-values/screwdriver/13/values","timestamp":"2025-04-23T06:16:17.540Z"}
{"level":"info","message":"Incoming GET request to /api/attributes","timestamp":"2025-04-23T06:17:33.759Z"}
